Using pre-set license
Built from 'HEAD' branch; Version is '2021.3.12f1c2 (ffeb050254a0) revision 16771845'; Using compiler version '192829333'; Build Type 'Release'
OS: 'Windows 11  (10.0.22631) 64bit CoreCountrySpecific' Language: 'zh' Physical Memory: 32617 MB
BatchMode: 1, IsHumanControllingUs: 0, StartBugReporterOnCrash: 0, Is64bit: 1, IsPro: 1

COMMAND LINE ARGUMENTS:
C:\Program Files\Unity\Hub\Editor\2021.3.12f1c2\Editor\Unity.exe
-adb2
-batchMode
-noUpm
-name
AssetImportWorker0
-projectPath
D:/dream/element/game
-logFile
Logs/AssetImportWorker0.log
-srvPort
55499
Successfully changed project path to: D:/dream/element/game
D:/dream/element/game
[UnityMemory] Configuration Parameters - Can be set up in boot.config
    "memorysetup-bucket-allocator-granularity=16"
    "memorysetup-bucket-allocator-bucket-count=8"
    "memorysetup-bucket-allocator-block-size=33554432"
    "memorysetup-bucket-allocator-block-count=8"
    "memorysetup-main-allocator-block-size=16777216"
    "memorysetup-thread-allocator-block-size=16777216"
    "memorysetup-gfx-main-allocator-block-size=16777216"
    "memorysetup-gfx-thread-allocator-block-size=16777216"
    "memorysetup-cache-allocator-block-size=4194304"
    "memorysetup-typetree-allocator-block-size=2097152"
    "memorysetup-profiler-bucket-allocator-granularity=16"
    "memorysetup-profiler-bucket-allocator-bucket-count=8"
    "memorysetup-profiler-bucket-allocator-block-size=33554432"
    "memorysetup-profiler-bucket-allocator-block-count=8"
    "memorysetup-profiler-allocator-block-size=16777216"
    "memorysetup-profiler-editor-allocator-block-size=1048576"
    "memorysetup-temp-allocator-size-main=16777216"
    "memorysetup-job-temp-allocator-block-size=2097152"
    "memorysetup-job-temp-allocator-block-size-background=1048576"
    "memorysetup-job-temp-allocator-reduction-small-platforms=262144"
    "memorysetup-temp-allocator-size-background-worker=32768"
    "memorysetup-temp-allocator-size-job-worker=262144"
    "memorysetup-temp-allocator-size-preload-manager=33554432"
    "memorysetup-temp-allocator-size-nav-mesh-worker=65536"
    "memorysetup-temp-allocator-size-audio-worker=65536"
    "memorysetup-temp-allocator-size-cloud-worker=32768"
    "memorysetup-temp-allocator-size-gi-baking-worker=262144"
    "memorysetup-temp-allocator-size-gfx=262144"
AS: AutoStreaming module initializing.
Refreshing native plugins compatible for Editor in 101.00 ms, found 4 plugins.
Preloading 0 native plugins for Editor in 0.00 ms.
Initialize engine version: 2021.3.12f1c2 (ffeb050254a0)
[Subsystems] Discovering subsystems at path C:/Program Files/Unity/Hub/Editor/2021.3.12f1c2/Editor/Data/Resources/UnitySubsystems
[Subsystems] Discovering subsystems at path D:/dream/element/game/Assets
GfxDevice: creating device client; threaded=0; jobified=0
Direct3D:
    Version:  Direct3D 11.0 [level 11.1]
    Renderer: NVIDIA GeForce RTX 2070 (ID=0x1f10)
    Vendor:   NVIDIA
    VRAM:     8019 MB
    Driver:   31.0.15.4617
Initialize mono
Mono path[0] = 'C:/Program Files/Unity/Hub/Editor/2021.3.12f1c2/Editor/Data/Managed'
Mono path[1] = 'C:/Program Files/Unity/Hub/Editor/2021.3.12f1c2/Editor/Data/MonoBleedingEdge/lib/mono/unityjit-win32'
Mono config path = 'C:/Program Files/Unity/Hub/Editor/2021.3.12f1c2/Editor/Data/MonoBleedingEdge/etc'
Using monoOptions --debugger-agent=transport=dt_socket,embedding=1,server=y,suspend=n,address=127.0.0.1:56960
Begin MonoManager ReloadAssembly
Registering precompiled unity dll's ...
Register platform support module: C:/Program Files/Unity/Hub/Editor/2021.3.12f1c2/Editor/Data/PlaybackEngines/WindowsStandaloneSupport/UnityEditor.WindowsStandalone.Extensions.dll
Registered in 0.006332 seconds.
Native extension for WindowsStandalone target not found
Refreshing native plugins compatible for Editor in 107.70 ms, found 4 plugins.
Preloading 0 native plugins for Editor in 0.00 ms.
Mono: successfully reloaded assembly
- Completed reload, in  0.797 seconds
Domain Reload Profiling:
	ReloadAssembly (798ms)
		BeginReloadAssembly (92ms)
			ExecutionOrderSort (0ms)
			DisableScriptedObjects (0ms)
			BackupInstance (0ms)
			ReleaseScriptingObjects (0ms)
			CreateAndSetChildDomain (1ms)
		EndReloadAssembly (564ms)
			LoadAssemblies (88ms)
			RebuildTransferFunctionScriptingTraits (0ms)
			SetupTypeCache (119ms)
			ReleaseScriptCaches (0ms)
			RebuildScriptCaches (34ms)
			SetupLoadedEditorAssemblies (349ms)
				LogAssemblyErrors (0ms)
				InitializePlatformSupportModulesInManaged (8ms)
				SetLoadedEditorAssemblies (0ms)
				RefreshPlugins (108ms)
				BeforeProcessingInitializeOnLoad (1ms)
				ProcessInitializeOnLoadAttributes (164ms)
				ProcessInitializeOnLoadMethodAttributes (68ms)
				AfterProcessingInitializeOnLoad (0ms)
				EditorAssembliesLoaded (0ms)
			ExecutionOrderSort2 (0ms)
			AwakeInstancesAfterBackupRestoration (0ms)
Platform modules already initialized, skipping
Registering precompiled user dll's ...
Registered in 0.020302 seconds.
Begin MonoManager ReloadAssembly
Symbol file LoadedFromMemory doesn't match image D:\dream\element\game\Library\PackageCache\com.unity.visualscripting@1.7.8\Editor\VisualScripting.Core\Dependencies\YamlDotNet\Unity.VisualScripting.YamlDotNet.dll
Symbol file LoadedFromMemory doesn't match image D:\dream\element\game\Library\PackageCache\com.unity.visualscripting@1.7.8\Editor\VisualScripting.Core\Dependencies\DotNetZip\Unity.VisualScripting.IonicZip.dll
Native extension for WindowsStandalone target not found
Refreshing native plugins compatible for Editor in 93.33 ms, found 4 plugins.
Preloading 0 native plugins for Editor in 0.00 ms.
Mono: successfully reloaded assembly
- Completed reload, in  1.695 seconds
Domain Reload Profiling:
	ReloadAssembly (1696ms)
		BeginReloadAssembly (126ms)
			ExecutionOrderSort (0ms)
			DisableScriptedObjects (6ms)
			BackupInstance (0ms)
			ReleaseScriptingObjects (0ms)
			CreateAndSetChildDomain (21ms)
		EndReloadAssembly (1360ms)
			LoadAssemblies (389ms)
			RebuildTransferFunctionScriptingTraits (0ms)
			SetupTypeCache (286ms)
			ReleaseScriptCaches (1ms)
			RebuildScriptCaches (71ms)
			SetupLoadedEditorAssemblies (555ms)
				LogAssemblyErrors (0ms)
				InitializePlatformSupportModulesInManaged (5ms)
				SetLoadedEditorAssemblies (0ms)
				RefreshPlugins (93ms)
				BeforeProcessingInitializeOnLoad (104ms)
				ProcessInitializeOnLoadAttributes (284ms)
				ProcessInitializeOnLoadMethodAttributes (55ms)
				AfterProcessingInitializeOnLoad (13ms)
				EditorAssembliesLoaded (0ms)
			ExecutionOrderSort2 (0ms)
			AwakeInstancesAfterBackupRestoration (7ms)
Platform modules already initialized, skipping
========================================================================
Worker process is ready to serve import requests
Launched and connected shader compiler UnityShaderCompiler.exe after 0.11 seconds
Refreshing native plugins compatible for Editor in 0.79 ms, found 4 plugins.
Preloading 0 native plugins for Editor in 0.00 ms.
Unloading 4149 Unused Serialized files (Serialized files now loaded: 0)
Unloading 38 unused Assets / (56.3 KB). Loaded Objects now: 4611.
Memory consumption went from 160.9 MB to 160.9 MB.
Total: 3.652100 ms (FindLiveObjects: 0.334400 ms CreateObjectMapping: 0.314500 ms MarkObjects: 2.911600 ms  DeleteObjects: 0.090500 ms)

AssetImportParameters requested are different than current active one (requested -> active):
  custom:video-decoder-ogg-theora: a1e56fd34408186e4bbccfd4996cb3dc -> 
  custom:container-muxer-webm: aa71ff27fc2769a1b78a27578f13a17b -> 
  custom:container-demuxer-webm: 4f35f7cbe854078d1ac9338744f61a02 -> 
  custom:video-encoder-webm-vp8: eb34c28f22e8b96e1ab97ce403110664 -> 
  custom:video-codec-MediaFoundation-h265: 746d11721c4dcdbdad8f713fa42b33f4 -> 
  custom:audio-encoder-webm-vorbis: bf7c407c2cedff20999df2af8eb42d56 -> 
  custom:framework-win-MediaFoundation: 216162199b28c13a410421893ffa2e32 -> 
  custom:container-demuxer-ogg: 62fdf1f143b41e24485cea50d1cbac27 -> 
  custom:video-decoder-webm-vp8: 9c59270c3fd7afecdb556c50c9e8de78 -> 
  custom:audio-decoder-ogg-vorbis: bf7c407c2cedff20999df2af8eb42d56 -> 
========================================================================
Received Import Request.
  Time since last request: 47472.776546 seconds.
  path: Assets/Resources/Unit/Red Potion 3.png
  artifactKey: Guid(7b3876a2b72c44540a4bbd5aaba9e506) Importer(815301076,1909f56bfc062723c751e8b465ee728b)
Start importing Assets/Resources/Unit/Red Potion 3.png using Guid(7b3876a2b72c44540a4bbd5aaba9e506) Importer(815301076,1909f56bfc062723c751e8b465ee728b)  -> (artifact id: '647d20373ec557caff2538b4bb7584f5') in 0.212079 seconds 
========================================================================
Received Import Request.
  Time since last request: 0.000026 seconds.
  path: Assets/Resources/Unit/Beer.png
  artifactKey: Guid(d0c05b9125ed56349a5385e1a77547b7) Importer(815301076,1909f56bfc062723c751e8b465ee728b)
Start importing Assets/Resources/Unit/Beer.png using Guid(d0c05b9125ed56349a5385e1a77547b7) Importer(815301076,1909f56bfc062723c751e8b465ee728b)  -> (artifact id: '8d76f0cf61921362cc0a3c4b10f517d1') in 0.038222 seconds 
========================================================================
Received Import Request.
  Time since last request: 0.000105 seconds.
  path: Assets/Resources/TX Tileset Grass.png
  artifactKey: Guid(1c9ed9d1200c29d4cbfd2071028c1cd5) Importer(815301076,1909f56bfc062723c751e8b465ee728b)
Start importing Assets/Resources/TX Tileset Grass.png using Guid(1c9ed9d1200c29d4cbfd2071028c1cd5) Importer(815301076,1909f56bfc062723c751e8b465ee728b)  -> (artifact id: 'cfcdc9018ecf5e6ac19155a345214a77') in 0.151452 seconds 
========================================================================
Received Import Request.
  Time since last request: 0.000020 seconds.
  path: Assets/Resources/Unit/Monster Eye.png
  artifactKey: Guid(4461c87bad5222349b14c22b26d43b95) Importer(815301076,1909f56bfc062723c751e8b465ee728b)
Start importing Assets/Resources/Unit/Monster Eye.png using Guid(4461c87bad5222349b14c22b26d43b95) Importer(815301076,1909f56bfc062723c751e8b465ee728b)  -> (artifact id: '4a8755f56f3f56e8f57c47564c5bfd5f') in 0.034491 seconds 
========================================================================
Received Import Request.
  Time since last request: 0.000022 seconds.
  path: Assets/Resources/Unit/Torch.png
  artifactKey: Guid(68e1f3d1470827b49b3b3347af0e4f6d) Importer(815301076,1909f56bfc062723c751e8b465ee728b)
Start importing Assets/Resources/Unit/Torch.png using Guid(68e1f3d1470827b49b3b3347af0e4f6d) Importer(815301076,1909f56bfc062723c751e8b465ee728b)  -> (artifact id: '98bce1574bfc7bd746b43cc15c2f0646') in 0.031018 seconds 
========================================================================
Received Import Request.
  Time since last request: 0.000031 seconds.
  path: Assets/Resources/Unit/Copper Coin.png
  artifactKey: Guid(4605338a5a51383478a6b8eb3707e90c) Importer(815301076,1909f56bfc062723c751e8b465ee728b)
Start importing Assets/Resources/Unit/Copper Coin.png using Guid(4605338a5a51383478a6b8eb3707e90c) Importer(815301076,1909f56bfc062723c751e8b465ee728b)  -> (artifact id: '45c335ac39d0d6c587c683cb19f7b695') in 0.034391 seconds 
========================================================================
Received Import Request.
  Time since last request: 0.000035 seconds.
  path: Assets/Resources/Unit/Candle.png
  artifactKey: Guid(4408269a96438e84796304f4ac0ed623) Importer(815301076,1909f56bfc062723c751e8b465ee728b)
Start importing Assets/Resources/Unit/Candle.png using Guid(4408269a96438e84796304f4ac0ed623) Importer(815301076,1909f56bfc062723c751e8b465ee728b)  -> (artifact id: '1c8ba7db956f99dedec92002235e59a8') in 0.032884 seconds 
========================================================================
Received Import Request.
  Time since last request: 0.000024 seconds.
  path: Assets/Resources/Unit/Book.png
  artifactKey: Guid(7972dd97521bb1c44ba8e3774391b996) Importer(815301076,1909f56bfc062723c751e8b465ee728b)
Start importing Assets/Resources/Unit/Book.png using Guid(7972dd97521bb1c44ba8e3774391b996) Importer(815301076,1909f56bfc062723c751e8b465ee728b)  -> (artifact id: '2cef64213bf7eca30a40af288437dff3') in 0.036141 seconds 
========================================================================
Received Import Request.
  Time since last request: 0.000032 seconds.
  path: Assets/Resources/Unit/Magic Wand.png
  artifactKey: Guid(40d526b51d159064f851539ce7779eec) Importer(815301076,1909f56bfc062723c751e8b465ee728b)
Start importing Assets/Resources/Unit/Magic Wand.png using Guid(40d526b51d159064f851539ce7779eec) Importer(815301076,1909f56bfc062723c751e8b465ee728b)  -> (artifact id: '0fec9a3546068afccc9a7a91f68e27f1') in 0.034177 seconds 
========================================================================
Received Import Request.
  Time since last request: 0.000023 seconds.
  path: Assets/Resources/Unit/Topaz.png
  artifactKey: Guid(b6da46610f2e67c47ab4f5011422203a) Importer(815301076,1909f56bfc062723c751e8b465ee728b)
Start importing Assets/Resources/Unit/Topaz.png using Guid(b6da46610f2e67c47ab4f5011422203a) Importer(815301076,1909f56bfc062723c751e8b465ee728b)  -> (artifact id: '1623fe0b91d28c67c4a3432ab2fe5c8e') in 0.033540 seconds 
========================================================================
Received Import Request.
  Time since last request: 0.000046 seconds.
  path: Assets/Resources/Unit/Green Apple.png
  artifactKey: Guid(c1d0e6764d9c5f8458571840fb1d57d3) Importer(815301076,1909f56bfc062723c751e8b465ee728b)
Start importing Assets/Resources/Unit/Green Apple.png using Guid(c1d0e6764d9c5f8458571840fb1d57d3) Importer(815301076,1909f56bfc062723c751e8b465ee728b)  -> (artifact id: '7813c6846897d7d0d5d636eac73eb0d1') in 0.035978 seconds 
========================================================================
Received Import Request.
  Time since last request: 0.000035 seconds.
  path: Assets/Resources/Unit/Leather Boot.png
  artifactKey: Guid(29a1226f7b5e20240942612e151c3c4c) Importer(815301076,1909f56bfc062723c751e8b465ee728b)
Start importing Assets/Resources/Unit/Leather Boot.png using Guid(29a1226f7b5e20240942612e151c3c4c) Importer(815301076,1909f56bfc062723c751e8b465ee728b)  -> (artifact id: '5b3c9c02cdc74f1593460c6dd39e7497') in 0.036661 seconds 
========================================================================
Received Import Request.
  Time since last request: 0.000060 seconds.
  path: Assets/Resources/Unit/Silver Ingot.png
  artifactKey: Guid(d5d7f95582604484a87a97c246803bc7) Importer(815301076,1909f56bfc062723c751e8b465ee728b)
Start importing Assets/Resources/Unit/Silver Ingot.png using Guid(d5d7f95582604484a87a97c246803bc7) Importer(815301076,1909f56bfc062723c751e8b465ee728b)  -> (artifact id: '2250c33255c4982a6ef02e0d947f6ace') in 0.035461 seconds 
========================================================================
Received Import Request.
  Time since last request: 0.000022 seconds.
  path: Assets/Resources/Unit/Cut Sapphire.png
  artifactKey: Guid(3c9805506cdde8f44889fc034ab0097e) Importer(815301076,1909f56bfc062723c751e8b465ee728b)
Start importing Assets/Resources/Unit/Cut Sapphire.png using Guid(3c9805506cdde8f44889fc034ab0097e) Importer(815301076,1909f56bfc062723c751e8b465ee728b)  -> (artifact id: 'b3b2d380bc8a3b799272a8eed987e8f1') in 0.036696 seconds 
========================================================================
Received Import Request.
  Time since last request: 0.000051 seconds.
  path: Assets/Resources/Unit/Golden Ingot.png
  artifactKey: Guid(39d66829824cb1d4da958035ee18213a) Importer(815301076,1909f56bfc062723c751e8b465ee728b)
Start importing Assets/Resources/Unit/Golden Ingot.png using Guid(39d66829824cb1d4da958035ee18213a) Importer(815301076,1909f56bfc062723c751e8b465ee728b)  -> (artifact id: 'dd09c1deff2efdd19846af14ecb28c08') in 0.034273 seconds 
========================================================================
Received Import Request.
  Time since last request: 0.000026 seconds.
  path: Assets/Resources/Unit/Iron Sword.png
  artifactKey: Guid(8f28955d92038974a9b04aafaeea79b0) Importer(815301076,1909f56bfc062723c751e8b465ee728b)
Start importing Assets/Resources/Unit/Iron Sword.png using Guid(8f28955d92038974a9b04aafaeea79b0) Importer(815301076,1909f56bfc062723c751e8b465ee728b)  -> (artifact id: 'bd64ce07550e449096c351e202ce8bbc') in 0.055763 seconds 
========================================================================
Received Import Request.
  Time since last request: 0.000022 seconds.
  path: Assets/Resources/Unit/Feather.png
  artifactKey: Guid(5319e90cdef08eb4a90ed29d73271916) Importer(815301076,1909f56bfc062723c751e8b465ee728b)
Start importing Assets/Resources/Unit/Feather.png using Guid(5319e90cdef08eb4a90ed29d73271916) Importer(815301076,1909f56bfc062723c751e8b465ee728b)  -> (artifact id: '18ff6051a8167fd63bf987a2786372b0') in 0.034675 seconds 
========================================================================
Received Import Request.
  Time since last request: 0.000032 seconds.
  path: Assets/Resources/Unit/Shovel.png
  artifactKey: Guid(279ff480381111b40b99a9cb298a5fd3) Importer(815301076,1909f56bfc062723c751e8b465ee728b)
Start importing Assets/Resources/Unit/Shovel.png using Guid(279ff480381111b40b99a9cb298a5fd3) Importer(815301076,1909f56bfc062723c751e8b465ee728b)  -> (artifact id: '18fc82ccd695e5ab20d825483f25bd7f') in 0.037124 seconds 
========================================================================
Received Import Request.
  Time since last request: 0.000035 seconds.
  path: Assets/Resources/Unit/Map.png
  artifactKey: Guid(34102981c7e63b646b05313914b723a6) Importer(815301076,1909f56bfc062723c751e8b465ee728b)
Start importing Assets/Resources/Unit/Map.png using Guid(34102981c7e63b646b05313914b723a6) Importer(815301076,1909f56bfc062723c751e8b465ee728b)  -> (artifact id: '9d66abbc6e4f10eecbaf09728f5b0e0e') in 0.032817 seconds 
========================================================================
Received Import Request.
  Time since last request: 0.000022 seconds.
  path: Assets/Resources/Unit/Hammer.png
  artifactKey: Guid(7b8e0222a006d824e930445c7d435ac3) Importer(815301076,1909f56bfc062723c751e8b465ee728b)
Start importing Assets/Resources/Unit/Hammer.png using Guid(7b8e0222a006d824e930445c7d435ac3) Importer(815301076,1909f56bfc062723c751e8b465ee728b)  -> (artifact id: 'a7cf415d247c6b7d244bcded9ab35a18') in 0.032901 seconds 
========================================================================
Received Import Request.
  Time since last request: 0.000031 seconds.
  path: Assets/Resources/Unit/Crystal.png
  artifactKey: Guid(8f6d58fd471ba8a45a4b681953e29c26) Importer(815301076,1909f56bfc062723c751e8b465ee728b)
Start importing Assets/Resources/Unit/Crystal.png using Guid(8f6d58fd471ba8a45a4b681953e29c26) Importer(815301076,1909f56bfc062723c751e8b465ee728b)  -> (artifact id: '42ab91b9eebe7baff6b84edef7a8ac39') in 0.035813 seconds 
========================================================================
Received Import Request.
  Time since last request: 0.000053 seconds.
  path: Assets/Resources/Unit/Red Potion 2.png
  artifactKey: Guid(44dc65116207f4b46aa85443dae5ad96) Importer(815301076,1909f56bfc062723c751e8b465ee728b)
Start importing Assets/Resources/Unit/Red Potion 2.png using Guid(44dc65116207f4b46aa85443dae5ad96) Importer(815301076,1909f56bfc062723c751e8b465ee728b)  -> (artifact id: '9c52d55cc991a796fcefbed6ed8bed99') in 0.033381 seconds 
========================================================================
Received Import Request.
  Time since last request: 0.000038 seconds.
  path: Assets/Resources/Unit/Bone.png
  artifactKey: Guid(844a1050d03ba5046bfb86af34a81e47) Importer(815301076,1909f56bfc062723c751e8b465ee728b)
Start importing Assets/Resources/Unit/Bone.png using Guid(844a1050d03ba5046bfb86af34a81e47) Importer(815301076,1909f56bfc062723c751e8b465ee728b)  -> (artifact id: '9afcc8dec12a86d1a3b5343a99c4fc1c') in 0.035931 seconds 
========================================================================
Received Import Request.
  Time since last request: 0.000032 seconds.
  path: Assets/Resources/Unit/Iron Armor.png
  artifactKey: Guid(567fdd2e557fefc478f8aaa7ae56fb11) Importer(815301076,1909f56bfc062723c751e8b465ee728b)
Start importing Assets/Resources/Unit/Iron Armor.png using Guid(567fdd2e557fefc478f8aaa7ae56fb11) Importer(815301076,1909f56bfc062723c751e8b465ee728b)  -> (artifact id: 'c07aaa3c53854f2a8c32f8a953156a84') in 0.037963 seconds 
========================================================================
Received Import Request.
  Time since last request: 0.000050 seconds.
  path: Assets/Resources/Unit/Golden Sword.png
  artifactKey: Guid(90e99a7fde056a4418b9fe16084adb5c) Importer(815301076,1909f56bfc062723c751e8b465ee728b)
Start importing Assets/Resources/Unit/Golden Sword.png using Guid(90e99a7fde056a4418b9fe16084adb5c) Importer(815301076,1909f56bfc062723c751e8b465ee728b)  -> (artifact id: 'f0a0055856546c99457cff66eb24bd8b') in 0.035116 seconds 
========================================================================
Received Import Request.
  Time since last request: 0.000027 seconds.
  path: Assets/Resources/Unit/Crate.png
  artifactKey: Guid(af91b161f106d9e46b3704f05a3ab63d) Importer(815301076,1909f56bfc062723c751e8b465ee728b)
Start importing Assets/Resources/Unit/Crate.png using Guid(af91b161f106d9e46b3704f05a3ab63d) Importer(815301076,1909f56bfc062723c751e8b465ee728b)  -> (artifact id: '4a3dc1ce7c9fed4e1e62175a592b3a09') in 0.042045 seconds 
========================================================================
Received Import Request.
  Time since last request: 0.000028 seconds.
  path: Assets/Resources/Unit/Emerald Staff.png
  artifactKey: Guid(c66629df5b6254a4e8dc8c1b69369863) Importer(815301076,1909f56bfc062723c751e8b465ee728b)
Start importing Assets/Resources/Unit/Emerald Staff.png using Guid(c66629df5b6254a4e8dc8c1b69369863) Importer(815301076,1909f56bfc062723c751e8b465ee728b)  -> (artifact id: 'bc667529baae5a2e912f73904fc748a8') in 0.045327 seconds 
========================================================================
Received Import Request.
  Time since last request: 0.000025 seconds.
  path: Assets/Resources/Unit/Sapphire Staff.png
  artifactKey: Guid(21ed692efe3d95a40bcb58ec97b4d87a) Importer(815301076,1909f56bfc062723c751e8b465ee728b)
Start importing Assets/Resources/Unit/Sapphire Staff.png using Guid(21ed692efe3d95a40bcb58ec97b4d87a) Importer(815301076,1909f56bfc062723c751e8b465ee728b)  -> (artifact id: '366ab40be886a47484422ddebada61fb') in 0.035197 seconds 
========================================================================
Received Import Request.
  Time since last request: 0.000030 seconds.
  path: Assets/Resources/Unit/Silver Nugget.png
  artifactKey: Guid(e504bf3779bda9c40ba6d311e0611951) Importer(815301076,1909f56bfc062723c751e8b465ee728b)
Start importing Assets/Resources/Unit/Silver Nugget.png using Guid(e504bf3779bda9c40ba6d311e0611951) Importer(815301076,1909f56bfc062723c751e8b465ee728b)  -> (artifact id: '6e3003f365493962fedb245ba88cf242') in 0.036218 seconds 
========================================================================
Received Import Request.
  Time since last request: 0.000026 seconds.
  path: Assets/Resources/Unit/Green Potion 2.png
  artifactKey: Guid(1f97848f18817cc43ba66da5a2d0ccfa) Importer(815301076,1909f56bfc062723c751e8b465ee728b)
Start importing Assets/Resources/Unit/Green Potion 2.png using Guid(1f97848f18817cc43ba66da5a2d0ccfa) Importer(815301076,1909f56bfc062723c751e8b465ee728b)  -> (artifact id: 'f85631cf3ad226bda319e0e7fd3b0988') in 0.036994 seconds 
========================================================================
Received Import Request.
  Time since last request: 0.000030 seconds.
  path: Assets/Resources/Unit/Apple.png
  artifactKey: Guid(da7129ed6a246f048a49d8d97de2d2d4) Importer(815301076,1909f56bfc062723c751e8b465ee728b)
Start importing Assets/Resources/Unit/Apple.png using Guid(da7129ed6a246f048a49d8d97de2d2d4) Importer(815301076,1909f56bfc062723c751e8b465ee728b)  -> (artifact id: '06d89a1b576adfa27f859b93b34e38b3') in 0.034214 seconds 
========================================================================
Received Import Request.
  Time since last request: 0.000024 seconds.
  path: Assets/Resources/Unit/Meat.png
  artifactKey: Guid(14e62563269c11443b9c936be93b95f4) Importer(815301076,1909f56bfc062723c751e8b465ee728b)
Start importing Assets/Resources/Unit/Meat.png using Guid(14e62563269c11443b9c936be93b95f4) Importer(815301076,1909f56bfc062723c751e8b465ee728b)  -> (artifact id: '2b1a6a3b72a7d27bac8674bc5a6f2ab3') in 0.036583 seconds 
========================================================================
Received Import Request.
  Time since last request: 0.000022 seconds.
  path: Assets/Resources/Unit/Copper Ingot.png
  artifactKey: Guid(b579a157263b8ae4d8dfeebb072e44f2) Importer(815301076,1909f56bfc062723c751e8b465ee728b)
Start importing Assets/Resources/Unit/Copper Ingot.png using Guid(b579a157263b8ae4d8dfeebb072e44f2) Importer(815301076,1909f56bfc062723c751e8b465ee728b)  -> (artifact id: '0415ce87d9f46f093c38b19ca3610cea') in 0.035755 seconds 
========================================================================
Received Import Request.
  Time since last request: 0.000023 seconds.
  path: Assets/Resources/Unit/Heart.png
  artifactKey: Guid(87a7c4321fd50514c8e41d6779a071da) Importer(815301076,1909f56bfc062723c751e8b465ee728b)
Start importing Assets/Resources/Unit/Heart.png using Guid(87a7c4321fd50514c8e41d6779a071da) Importer(815301076,1909f56bfc062723c751e8b465ee728b)  -> (artifact id: '886b9350f2ab0439789c5f29489efe5e') in 0.038473 seconds 
========================================================================
Received Import Request.
  Time since last request: 99.614396 seconds.
  path: Assets/Fonts/NotoSansSC-Regular SDF.asset
  artifactKey: Guid(eb8bacd46357fb4418b3d529965e7b08) Importer(815301076,1909f56bfc062723c751e8b465ee728b)
Start importing Assets/Fonts/NotoSansSC-Regular SDF.asset using Guid(eb8bacd46357fb4418b3d529965e7b08) Importer(815301076,1909f56bfc062723c751e8b465ee728b)  -> (artifact id: '2c9f2691b0d6a5ded1762f165d407ff4') in 0.472048 seconds 
========================================================================
Received Import Request.
  Time since last request: 0.000023 seconds.
  path: Assets/Prefab/BuffIcon.prefab
  artifactKey: Guid(891e33496959c1a41acbac62f53d0a2d) Importer(815301076,1909f56bfc062723c751e8b465ee728b)
Start importing Assets/Prefab/BuffIcon.prefab using Guid(891e33496959c1a41acbac62f53d0a2d) Importer(815301076,1909f56bfc062723c751e8b465ee728b)  -> (artifact id: '0207043b94637ffcc7ff422fa65195e3') in 0.621556 seconds 
========================================================================
Received Import Request.
  Time since last request: 0.000101 seconds.
  path: Assets/Prefab/PlayerModel.prefab
  artifactKey: Guid(5a8f55a53908e8d4293a5924b744a44c) Importer(815301076,1909f56bfc062723c751e8b465ee728b)
Start importing Assets/Prefab/PlayerModel.prefab using Guid(5a8f55a53908e8d4293a5924b744a44c) Importer(815301076,1909f56bfc062723c751e8b465ee728b)  -> (artifact id: 'e616dc6d71ae526057626578cac000cf') in 0.510125 seconds 
========================================================================
Received Import Request.
  Time since last request: 0.000027 seconds.
  path: Assets/Prefab/Node.prefab
  artifactKey: Guid(2ce8eb129596e6b419e0fb8325ca594d) Importer(815301076,1909f56bfc062723c751e8b465ee728b)
Start importing Assets/Prefab/Node.prefab using Guid(2ce8eb129596e6b419e0fb8325ca594d) Importer(815301076,1909f56bfc062723c751e8b465ee728b)  -> (artifact id: '0eff2f65e30d96bbfbeb09a810d1d37e') in 0.035611 seconds 
Editor requested this worker to shutdown with reason: Scaling down because of idle timeout
AssetImportWorker is now disconnected from the server
Process exiting
Exiting without the bug reporter. Application will terminate with return code 0