Using pre-set license
Built from 'HEAD' branch; Version is '2021.3.12f1c2 (ffeb050254a0) revision 16771845'; Using compiler version '192829333'; Build Type 'Release'
OS: 'Windows 11  (10.0.22631) 64bit CoreCountrySpecific' Language: 'zh' Physical Memory: 32617 MB
BatchMode: 1, IsHumanControllingUs: 0, StartBugReporterOnCrash: 0, Is64bit: 1, IsPro: 1

COMMAND LINE ARGUMENTS:
C:\Program Files\Unity\Hub\Editor\2021.3.12f1c2\Editor\Unity.exe
-adb2
-batchMode
-noUpm
-name
AssetImportWorker1
-projectPath
D:/dream/element/game
-logFile
Logs/AssetImportWorker1.log
-srvPort
55499
Successfully changed project path to: D:/dream/element/game
D:/dream/element/game
[UnityMemory] Configuration Parameters - Can be set up in boot.config
    "memorysetup-bucket-allocator-granularity=16"
    "memorysetup-bucket-allocator-bucket-count=8"
    "memorysetup-bucket-allocator-block-size=33554432"
    "memorysetup-bucket-allocator-block-count=8"
    "memorysetup-main-allocator-block-size=16777216"
    "memorysetup-thread-allocator-block-size=16777216"
    "memorysetup-gfx-main-allocator-block-size=16777216"
    "memorysetup-gfx-thread-allocator-block-size=16777216"
    "memorysetup-cache-allocator-block-size=4194304"
    "memorysetup-typetree-allocator-block-size=2097152"
    "memorysetup-profiler-bucket-allocator-granularity=16"
    "memorysetup-profiler-bucket-allocator-bucket-count=8"
    "memorysetup-profiler-bucket-allocator-block-size=33554432"
    "memorysetup-profiler-bucket-allocator-block-count=8"
    "memorysetup-profiler-allocator-block-size=16777216"
    "memorysetup-profiler-editor-allocator-block-size=1048576"
    "memorysetup-temp-allocator-size-main=16777216"
    "memorysetup-job-temp-allocator-block-size=2097152"
    "memorysetup-job-temp-allocator-block-size-background=1048576"
    "memorysetup-job-temp-allocator-reduction-small-platforms=262144"
    "memorysetup-temp-allocator-size-background-worker=32768"
    "memorysetup-temp-allocator-size-job-worker=262144"
    "memorysetup-temp-allocator-size-preload-manager=33554432"
    "memorysetup-temp-allocator-size-nav-mesh-worker=65536"
    "memorysetup-temp-allocator-size-audio-worker=65536"
    "memorysetup-temp-allocator-size-cloud-worker=32768"
    "memorysetup-temp-allocator-size-gi-baking-worker=262144"
    "memorysetup-temp-allocator-size-gfx=262144"
AS: AutoStreaming module initializing.
Refreshing native plugins compatible for Editor in 103.23 ms, found 4 plugins.
Preloading 0 native plugins for Editor in 0.00 ms.
Initialize engine version: 2021.3.12f1c2 (ffeb050254a0)
[Subsystems] Discovering subsystems at path C:/Program Files/Unity/Hub/Editor/2021.3.12f1c2/Editor/Data/Resources/UnitySubsystems
[Subsystems] Discovering subsystems at path D:/dream/element/game/Assets
GfxDevice: creating device client; threaded=0; jobified=0
Direct3D:
    Version:  Direct3D 11.0 [level 11.1]
    Renderer: NVIDIA GeForce RTX 2070 (ID=0x1f10)
    Vendor:   NVIDIA
    VRAM:     8019 MB
    Driver:   31.0.15.4617
Initialize mono
Mono path[0] = 'C:/Program Files/Unity/Hub/Editor/2021.3.12f1c2/Editor/Data/Managed'
Mono path[1] = 'C:/Program Files/Unity/Hub/Editor/2021.3.12f1c2/Editor/Data/MonoBleedingEdge/lib/mono/unityjit-win32'
Mono config path = 'C:/Program Files/Unity/Hub/Editor/2021.3.12f1c2/Editor/Data/MonoBleedingEdge/etc'
Using monoOptions --debugger-agent=transport=dt_socket,embedding=1,server=y,suspend=n,address=127.0.0.1:56340
Begin MonoManager ReloadAssembly
Registering precompiled unity dll's ...
Register platform support module: C:/Program Files/Unity/Hub/Editor/2021.3.12f1c2/Editor/Data/PlaybackEngines/WindowsStandaloneSupport/UnityEditor.WindowsStandalone.Extensions.dll
Registered in 0.006266 seconds.
Native extension for WindowsStandalone target not found
Refreshing native plugins compatible for Editor in 114.25 ms, found 4 plugins.
Preloading 0 native plugins for Editor in 0.00 ms.
Mono: successfully reloaded assembly
- Completed reload, in  0.828 seconds
Domain Reload Profiling:
	ReloadAssembly (829ms)
		BeginReloadAssembly (85ms)
			ExecutionOrderSort (0ms)
			DisableScriptedObjects (0ms)
			BackupInstance (0ms)
			ReleaseScriptingObjects (0ms)
			CreateAndSetChildDomain (1ms)
		EndReloadAssembly (602ms)
			LoadAssemblies (81ms)
			RebuildTransferFunctionScriptingTraits (0ms)
			SetupTypeCache (123ms)
			ReleaseScriptCaches (0ms)
			RebuildScriptCaches (36ms)
			SetupLoadedEditorAssemblies (379ms)
				LogAssemblyErrors (0ms)
				InitializePlatformSupportModulesInManaged (8ms)
				SetLoadedEditorAssemblies (0ms)
				RefreshPlugins (114ms)
				BeforeProcessingInitializeOnLoad (1ms)
				ProcessInitializeOnLoadAttributes (179ms)
				ProcessInitializeOnLoadMethodAttributes (76ms)
				AfterProcessingInitializeOnLoad (0ms)
				EditorAssembliesLoaded (0ms)
			ExecutionOrderSort2 (0ms)
			AwakeInstancesAfterBackupRestoration (0ms)
Platform modules already initialized, skipping
Registering precompiled user dll's ...
Registered in 0.015343 seconds.
Begin MonoManager ReloadAssembly
Symbol file LoadedFromMemory doesn't match image D:\dream\element\game\Library\PackageCache\com.unity.visualscripting@1.7.8\Editor\VisualScripting.Core\Dependencies\YamlDotNet\Unity.VisualScripting.YamlDotNet.dll
Symbol file LoadedFromMemory doesn't match image D:\dream\element\game\Library\PackageCache\com.unity.visualscripting@1.7.8\Editor\VisualScripting.Core\Dependencies\DotNetZip\Unity.VisualScripting.IonicZip.dll
Native extension for WindowsStandalone target not found
Refreshing native plugins compatible for Editor in 95.30 ms, found 4 plugins.
Preloading 0 native plugins for Editor in 0.00 ms.
Mono: successfully reloaded assembly
- Completed reload, in  1.706 seconds
Domain Reload Profiling:
	ReloadAssembly (1707ms)
		BeginReloadAssembly (118ms)
			ExecutionOrderSort (0ms)
			DisableScriptedObjects (6ms)
			BackupInstance (0ms)
			ReleaseScriptingObjects (0ms)
			CreateAndSetChildDomain (20ms)
		EndReloadAssembly (1363ms)
			LoadAssemblies (381ms)
			RebuildTransferFunctionScriptingTraits (0ms)
			SetupTypeCache (304ms)
			ReleaseScriptCaches (1ms)
			RebuildScriptCaches (64ms)
			SetupLoadedEditorAssemblies (541ms)
				LogAssemblyErrors (0ms)
				InitializePlatformSupportModulesInManaged (4ms)
				SetLoadedEditorAssemblies (0ms)
				RefreshPlugins (95ms)
				BeforeProcessingInitializeOnLoad (109ms)
				ProcessInitializeOnLoadAttributes (258ms)
				ProcessInitializeOnLoadMethodAttributes (62ms)
				AfterProcessingInitializeOnLoad (12ms)
				EditorAssembliesLoaded (0ms)
			ExecutionOrderSort2 (0ms)
			AwakeInstancesAfterBackupRestoration (7ms)
Platform modules already initialized, skipping
========================================================================
Worker process is ready to serve import requests
Launched and connected shader compiler UnityShaderCompiler.exe after 0.09 seconds
Refreshing native plugins compatible for Editor in 0.75 ms, found 4 plugins.
Preloading 0 native plugins for Editor in 0.00 ms.
Unloading 4149 Unused Serialized files (Serialized files now loaded: 0)
Unloading 38 unused Assets / (56.3 KB). Loaded Objects now: 4611.
Memory consumption went from 160.9 MB to 160.9 MB.
Total: 3.572000 ms (FindLiveObjects: 0.316900 ms CreateObjectMapping: 0.330700 ms MarkObjects: 2.834700 ms  DeleteObjects: 0.088600 ms)

AssetImportParameters requested are different than current active one (requested -> active):
  custom:video-decoder-ogg-theora: a1e56fd34408186e4bbccfd4996cb3dc -> 
  custom:container-muxer-webm: aa71ff27fc2769a1b78a27578f13a17b -> 
  custom:container-demuxer-webm: 4f35f7cbe854078d1ac9338744f61a02 -> 
  custom:video-encoder-webm-vp8: eb34c28f22e8b96e1ab97ce403110664 -> 
  custom:video-codec-MediaFoundation-h265: 746d11721c4dcdbdad8f713fa42b33f4 -> 
  custom:audio-encoder-webm-vorbis: bf7c407c2cedff20999df2af8eb42d56 -> 
  custom:framework-win-MediaFoundation: 216162199b28c13a410421893ffa2e32 -> 
  custom:container-demuxer-ogg: 62fdf1f143b41e24485cea50d1cbac27 -> 
  custom:video-decoder-webm-vp8: 9c59270c3fd7afecdb556c50c9e8de78 -> 
  custom:audio-decoder-ogg-vorbis: bf7c407c2cedff20999df2af8eb42d56 -> 
========================================================================
Received Import Request.
  Time since last request: 47472.777170 seconds.
  path: Assets/Resources/Unit/Belt.png
  artifactKey: Guid(6858a15e5082cf34b9ee3167e90403d3) Importer(815301076,1909f56bfc062723c751e8b465ee728b)
Start importing Assets/Resources/Unit/Belt.png using Guid(6858a15e5082cf34b9ee3167e90403d3) Importer(815301076,1909f56bfc062723c751e8b465ee728b)  -> (artifact id: '1e5ddb09d21cbbce9fd81e58c41506c8') in 0.210455 seconds 
========================================================================
Received Import Request.
  Time since last request: 0.000031 seconds.
  path: Assets/Resources/Unit/Silver Sword.png
  artifactKey: Guid(95052c6b62fb3de4695beaa99f842ac2) Importer(815301076,1909f56bfc062723c751e8b465ee728b)
Start importing Assets/Resources/Unit/Silver Sword.png using Guid(95052c6b62fb3de4695beaa99f842ac2) Importer(815301076,1909f56bfc062723c751e8b465ee728b)  -> (artifact id: '07e072d564b8dd37243be03d58b4a0dc') in 0.036870 seconds 
========================================================================
Received Import Request.
  Time since last request: 0.000039 seconds.
  path: Assets/Resources/Unit/Paper.png
  artifactKey: Guid(615ecf391b0ba0b40a9c3882ac5e6afc) Importer(815301076,1909f56bfc062723c751e8b465ee728b)
Start importing Assets/Resources/Unit/Paper.png using Guid(615ecf391b0ba0b40a9c3882ac5e6afc) Importer(815301076,1909f56bfc062723c751e8b465ee728b)  -> (artifact id: '71fcc5b9bd71a1494a5b41eb5c0e4c56') in 0.037969 seconds 
========================================================================
Received Import Request.
  Time since last request: 0.000037 seconds.
  path: Assets/Resources/Unit/Silver Key.png
  artifactKey: Guid(17c2d0550f9d2f9418f458279eb57c65) Importer(815301076,1909f56bfc062723c751e8b465ee728b)
Start importing Assets/Resources/Unit/Silver Key.png using Guid(17c2d0550f9d2f9418f458279eb57c65) Importer(815301076,1909f56bfc062723c751e8b465ee728b)  -> (artifact id: 'a65dafe86536ee8b3cd0ef7f3bb169f2') in 0.034938 seconds 
========================================================================
Received Import Request.
  Time since last request: 0.000021 seconds.
  path: Assets/Resources/Unit/Arrow.png
  artifactKey: Guid(59c8cd2a91ad7f846b9efd79b945c356) Importer(815301076,1909f56bfc062723c751e8b465ee728b)
Start importing Assets/Resources/Unit/Arrow.png using Guid(59c8cd2a91ad7f846b9efd79b945c356) Importer(815301076,1909f56bfc062723c751e8b465ee728b)  -> (artifact id: '8b053746aea9fd8126de3b57b4172b89') in 0.033234 seconds 
========================================================================
Received Import Request.
  Time since last request: 0.000021 seconds.
  path: Assets/Resources/Unit/Copper Nugget.png
  artifactKey: Guid(b3b726454eda80b40a1b30ac1a7a0c7a) Importer(815301076,1909f56bfc062723c751e8b465ee728b)
Start importing Assets/Resources/Unit/Copper Nugget.png using Guid(b3b726454eda80b40a1b30ac1a7a0c7a) Importer(815301076,1909f56bfc062723c751e8b465ee728b)  -> (artifact id: 'af88558bc0454269baecb22e56f2553a') in 0.034151 seconds 
========================================================================
Received Import Request.
  Time since last request: 0.000021 seconds.
  path: Assets/Resources/Unit/Silver Coin.png
  artifactKey: Guid(83f2beb3e2ba2e347b4b0d5d63d0373b) Importer(815301076,1909f56bfc062723c751e8b465ee728b)
Start importing Assets/Resources/Unit/Silver Coin.png using Guid(83f2beb3e2ba2e347b4b0d5d63d0373b) Importer(815301076,1909f56bfc062723c751e8b465ee728b)  -> (artifact id: 'c52cd6cce2d5251a23a1e928428509d2') in 0.033902 seconds 
========================================================================
Received Import Request.
  Time since last request: 0.000025 seconds.
  path: Assets/Resources/Unit/Iron Key.png
  artifactKey: Guid(e30e7f1121c83ed469e6242c11d18e05) Importer(815301076,1909f56bfc062723c751e8b465ee728b)
Start importing Assets/Resources/Unit/Iron Key.png using Guid(e30e7f1121c83ed469e6242c11d18e05) Importer(815301076,1909f56bfc062723c751e8b465ee728b)  -> (artifact id: 'a49d7d5717f37b6bb4beb6854501a0ca') in 0.033231 seconds 
========================================================================
Received Import Request.
  Time since last request: 0.000028 seconds.
  path: Assets/Resources/Unit/Iron Helmet.png
  artifactKey: Guid(b227c6c1c35b36940b602110d9556b13) Importer(815301076,1909f56bfc062723c751e8b465ee728b)
Start importing Assets/Resources/Unit/Iron Helmet.png using Guid(b227c6c1c35b36940b602110d9556b13) Importer(815301076,1909f56bfc062723c751e8b465ee728b)  -> (artifact id: '93a3faf4a24ad3a0557db533844b5d5a') in 0.035643 seconds 
========================================================================
Received Import Request.
  Time since last request: 0.000035 seconds.
  path: Assets/Resources/Unit/Topaz Staff.png
  artifactKey: Guid(1877011fdc8954440a807dd46b4eaab4) Importer(815301076,1909f56bfc062723c751e8b465ee728b)
Start importing Assets/Resources/Unit/Topaz Staff.png using Guid(1877011fdc8954440a807dd46b4eaab4) Importer(815301076,1909f56bfc062723c751e8b465ee728b)  -> (artifact id: '9e9f346a341ff1f45d092746bd24aca3') in 0.030814 seconds 
========================================================================
Received Import Request.
  Time since last request: 0.000048 seconds.
  path: Assets/Resources/Unit/Knife.png
  artifactKey: Guid(38d5dde8fb892364296297a3a5c97a20) Importer(815301076,1909f56bfc062723c751e8b465ee728b)
Start importing Assets/Resources/Unit/Knife.png using Guid(38d5dde8fb892364296297a3a5c97a20) Importer(815301076,1909f56bfc062723c751e8b465ee728b)  -> (artifact id: '214d56706cc476e3d579cbe562595b27') in 0.036979 seconds 
========================================================================
Received Import Request.
  Time since last request: 0.000023 seconds.
  path: Assets/Resources/Unit/Skull.png
  artifactKey: Guid(587503b6015abc741ad5147fff8f4a06) Importer(815301076,1909f56bfc062723c751e8b465ee728b)
Start importing Assets/Resources/Unit/Skull.png using Guid(587503b6015abc741ad5147fff8f4a06) Importer(815301076,1909f56bfc062723c751e8b465ee728b)  -> (artifact id: 'c7e79701742b5778e4acef428ff3dedc') in 0.036229 seconds 
========================================================================
Received Import Request.
  Time since last request: 0.000052 seconds.
  path: Assets/Resources/Unit/Golden Key.png
  artifactKey: Guid(a6c10312421cb5e438d8b9edaad2db28) Importer(815301076,1909f56bfc062723c751e8b465ee728b)
Start importing Assets/Resources/Unit/Golden Key.png using Guid(a6c10312421cb5e438d8b9edaad2db28) Importer(815301076,1909f56bfc062723c751e8b465ee728b)  -> (artifact id: '40117fb80b454de4a60cdbf6ac4194d4') in 0.033266 seconds 
========================================================================
Received Import Request.
  Time since last request: 0.000028 seconds.
  path: Assets/Resources/TX Tileset Stone Ground.png
  artifactKey: Guid(a07735877a3bd644094331b137b71878) Importer(815301076,1909f56bfc062723c751e8b465ee728b)
Start importing Assets/Resources/TX Tileset Stone Ground.png using Guid(a07735877a3bd644094331b137b71878) Importer(815301076,1909f56bfc062723c751e8b465ee728b)  -> (artifact id: '2b83e4ab6ef092f6e0271f9100932d51') in 0.133971 seconds 
========================================================================
Received Import Request.
  Time since last request: 0.000033 seconds.
  path: Assets/Resources/Unit/Green Potion 3.png
  artifactKey: Guid(f65023889763c7644b5579f0b019da6b) Importer(815301076,1909f56bfc062723c751e8b465ee728b)
Start importing Assets/Resources/Unit/Green Potion 3.png using Guid(f65023889763c7644b5579f0b019da6b) Importer(815301076,1909f56bfc062723c751e8b465ee728b)  -> (artifact id: '0b02ed4f54f20fcb884a38374d9aa16c') in 0.036072 seconds 
========================================================================
Received Import Request.
  Time since last request: 0.000080 seconds.
  path: Assets/Resources/Unit/Iron Shield.png
  artifactKey: Guid(256205b9c6ca12c45ab7762da8a65631) Importer(815301076,1909f56bfc062723c751e8b465ee728b)
Start importing Assets/Resources/Unit/Iron Shield.png using Guid(256205b9c6ca12c45ab7762da8a65631) Importer(815301076,1909f56bfc062723c751e8b465ee728b)  -> (artifact id: '31097ff34b3fee144704d0d9b8a05b32') in 0.057669 seconds 
========================================================================
Received Import Request.
  Time since last request: 0.000024 seconds.
  path: Assets/Resources/Unit/Fish Steak.png
  artifactKey: Guid(adf92f5459022124193e381473dbcce6) Importer(815301076,1909f56bfc062723c751e8b465ee728b)
Start importing Assets/Resources/Unit/Fish Steak.png using Guid(adf92f5459022124193e381473dbcce6) Importer(815301076,1909f56bfc062723c751e8b465ee728b)  -> (artifact id: '383dae1b51eaa06391af830a0e71799d') in 0.035673 seconds 
========================================================================
Received Import Request.
  Time since last request: 0.000051 seconds.
  path: Assets/Resources/Unit/Leather Armor.png
  artifactKey: Guid(e37ee0b1cbe20c5458102626b95a6b7c) Importer(815301076,1909f56bfc062723c751e8b465ee728b)
Start importing Assets/Resources/Unit/Leather Armor.png using Guid(e37ee0b1cbe20c5458102626b95a6b7c) Importer(815301076,1909f56bfc062723c751e8b465ee728b)  -> (artifact id: '9a25039e29df54df5fe32537e63f922f') in 0.038989 seconds 
========================================================================
Received Import Request.
  Time since last request: 0.000021 seconds.
  path: Assets/Resources/Unit/Cut Topaz.png
  artifactKey: Guid(ff4e2a40a0a91494a873149252b1aaaf) Importer(815301076,1909f56bfc062723c751e8b465ee728b)
Start importing Assets/Resources/Unit/Cut Topaz.png using Guid(ff4e2a40a0a91494a873149252b1aaaf) Importer(815301076,1909f56bfc062723c751e8b465ee728b)  -> (artifact id: '4239792c862f2f23bccd465767f69432') in 0.031869 seconds 
========================================================================
Received Import Request.
  Time since last request: 0.000022 seconds.
  path: Assets/Resources/Unit/Emerald.png
  artifactKey: Guid(1fe19ffae1abab0479d7d9716bcbbb9c) Importer(815301076,1909f56bfc062723c751e8b465ee728b)
Start importing Assets/Resources/Unit/Emerald.png using Guid(1fe19ffae1abab0479d7d9716bcbbb9c) Importer(815301076,1909f56bfc062723c751e8b465ee728b)  -> (artifact id: '8ecd2f2fa01f63778a185ee36e2ffbef') in 0.031527 seconds 
========================================================================
Received Import Request.
  Time since last request: 0.000028 seconds.
  path: Assets/Resources/Unit/Rope.png
  artifactKey: Guid(3281101b955224c4f9bfd58e8ab4c342) Importer(815301076,1909f56bfc062723c751e8b465ee728b)
Start importing Assets/Resources/Unit/Rope.png using Guid(3281101b955224c4f9bfd58e8ab4c342) Importer(815301076,1909f56bfc062723c751e8b465ee728b)  -> (artifact id: 'cdaf78fd6cce16c64235354a0b31d05f') in 0.034762 seconds 
========================================================================
Received Import Request.
  Time since last request: 0.000040 seconds.
  path: Assets/Resources/Unit/Monster Egg.png
  artifactKey: Guid(d62fc87d7e2c1d740b3afc4193abf641) Importer(815301076,1909f56bfc062723c751e8b465ee728b)
Start importing Assets/Resources/Unit/Monster Egg.png using Guid(d62fc87d7e2c1d740b3afc4193abf641) Importer(815301076,1909f56bfc062723c751e8b465ee728b)  -> (artifact id: 'c522b27b93dd0f4f88ba0984104fe82a') in 0.033513 seconds 
========================================================================
Received Import Request.
  Time since last request: 0.000030 seconds.
  path: Assets/Resources/Unit/Empty Bottle.png
  artifactKey: Guid(bbc53608878294d46a1e3b694ee0a1fb) Importer(815301076,1909f56bfc062723c751e8b465ee728b)
Start importing Assets/Resources/Unit/Empty Bottle.png using Guid(bbc53608878294d46a1e3b694ee0a1fb) Importer(815301076,1909f56bfc062723c751e8b465ee728b)  -> (artifact id: '5a269103e53338a06a8b313768cd8150') in 0.034337 seconds 
========================================================================
Received Import Request.
  Time since last request: 0.000045 seconds.
  path: Assets/Resources/Unit/Ham.png
  artifactKey: Guid(c1101a972f67d164db2754844fbeeda2) Importer(815301076,1909f56bfc062723c751e8b465ee728b)
Start importing Assets/Resources/Unit/Ham.png using Guid(c1101a972f67d164db2754844fbeeda2) Importer(815301076,1909f56bfc062723c751e8b465ee728b)  -> (artifact id: 'b1b6134137573c4b70f5034af2d598e2') in 0.035259 seconds 
========================================================================
Received Import Request.
  Time since last request: 0.000024 seconds.
  path: Assets/Resources/TX Props.png
  artifactKey: Guid(29c9cded5e558164aaf8c9bf08aa1510) Importer(815301076,1909f56bfc062723c751e8b465ee728b)
Start importing Assets/Resources/TX Props.png using Guid(29c9cded5e558164aaf8c9bf08aa1510) Importer(815301076,1909f56bfc062723c751e8b465ee728b)  -> (artifact id: '27a27010ad3bc040ba91fe806bd44212') in 0.166068 seconds 
========================================================================
Received Import Request.
  Time since last request: 0.000035 seconds.
  path: Assets/Resources/Unit/String.png
  artifactKey: Guid(90192622496cded43ac060f5e25e20e8) Importer(815301076,1909f56bfc062723c751e8b465ee728b)
Start importing Assets/Resources/Unit/String.png using Guid(90192622496cded43ac060f5e25e20e8) Importer(815301076,1909f56bfc062723c751e8b465ee728b)  -> (artifact id: '90ca4fe7d1e05f9a285beb2eb7ce3953') in 0.038793 seconds 
========================================================================
Received Import Request.
  Time since last request: 0.000076 seconds.
  path: Assets/Resources/Unit/Chest.png
  artifactKey: Guid(c8303e833b0ef184e99c1bc8940fff84) Importer(815301076,1909f56bfc062723c751e8b465ee728b)
Start importing Assets/Resources/Unit/Chest.png using Guid(c8303e833b0ef184e99c1bc8940fff84) Importer(815301076,1909f56bfc062723c751e8b465ee728b)  -> (artifact id: '5f3df7446844fc83a8da66d1e90eef58') in 0.035474 seconds 
========================================================================
Received Import Request.
  Time since last request: 0.000031 seconds.
  path: Assets/Resources/Unit/Envolop.png
  artifactKey: Guid(745c230e29c9393469cb614114618353) Importer(815301076,1909f56bfc062723c751e8b465ee728b)
Start importing Assets/Resources/Unit/Envolop.png using Guid(745c230e29c9393469cb614114618353) Importer(815301076,1909f56bfc062723c751e8b465ee728b)  -> (artifact id: 'fd190c818f5a15b9ccd62cca78b695ac') in 0.043747 seconds 
========================================================================
Received Import Request.
  Time since last request: 0.000020 seconds.
  path: Assets/Resources/Unit/Cut Ruby.png
  artifactKey: Guid(70e92df91699f664ab5bad7bf4723022) Importer(815301076,1909f56bfc062723c751e8b465ee728b)
Start importing Assets/Resources/Unit/Cut Ruby.png using Guid(70e92df91699f664ab5bad7bf4723022) Importer(815301076,1909f56bfc062723c751e8b465ee728b)  -> (artifact id: 'af7171f26c4f5dbbb9f4f6e703bdc06b') in 0.027805 seconds 
========================================================================
Received Import Request.
  Time since last request: 0.000025 seconds.
  path: Assets/Resources/Unit/Lantern.png
  artifactKey: Guid(5780c0f7daa138f46823eb60d93b7cc6) Importer(815301076,1909f56bfc062723c751e8b465ee728b)
Start importing Assets/Resources/Unit/Lantern.png using Guid(5780c0f7daa138f46823eb60d93b7cc6) Importer(815301076,1909f56bfc062723c751e8b465ee728b)  -> (artifact id: '1190cebbc7a624004c8908f64c221ed7') in 0.037091 seconds 
========================================================================
Received Import Request.
  Time since last request: 0.000036 seconds.
  path: Assets/Resources/Unit/Cheese.png
  artifactKey: Guid(988aad686dc1fec48bbc0dee20cead64) Importer(815301076,1909f56bfc062723c751e8b465ee728b)
Start importing Assets/Resources/Unit/Cheese.png using Guid(988aad686dc1fec48bbc0dee20cead64) Importer(815301076,1909f56bfc062723c751e8b465ee728b)  -> (artifact id: 'e81ab0642d3a99801dd9b4dca1939edd') in 0.038316 seconds 
========================================================================
Received Import Request.
  Time since last request: 0.000031 seconds.
  path: Assets/Resources/Unit/Iron Boot.png
  artifactKey: Guid(5170e0068a8cf184fb119834fa7ba0f3) Importer(815301076,1909f56bfc062723c751e8b465ee728b)
Start importing Assets/Resources/Unit/Iron Boot.png using Guid(5170e0068a8cf184fb119834fa7ba0f3) Importer(815301076,1909f56bfc062723c751e8b465ee728b)  -> (artifact id: '33ca1c3ffe27b416b91d59fbc5d41d7a') in 0.033299 seconds 
========================================================================
Received Import Request.
  Time since last request: 100.049196 seconds.
  path: Assets/Prefab/Boom.prefab
  artifactKey: Guid(420b4165573581f43b6d68be764cbab3) Importer(815301076,1909f56bfc062723c751e8b465ee728b)
Start importing Assets/Prefab/Boom.prefab using Guid(420b4165573581f43b6d68be764cbab3) Importer(815301076,1909f56bfc062723c751e8b465ee728b)  -> (artifact id: 'be232d084dca9e7abbded82bdbbedb4d') in 0.067466 seconds 
========================================================================
Received Import Request.
  Time since last request: 0.000019 seconds.
  path: Assets/Prefab/D8.prefab
  artifactKey: Guid(fb5c41eb9526d0943857b1e1743d0c68) Importer(815301076,1909f56bfc062723c751e8b465ee728b)
Start importing Assets/Prefab/D8.prefab using Guid(fb5c41eb9526d0943857b1e1743d0c68) Importer(815301076,1909f56bfc062723c751e8b465ee728b)  -> (artifact id: '21323570ea197828183054cfb07233e0') in 0.025675 seconds 
========================================================================
Received Import Request.
  Time since last request: 0.000020 seconds.
  path: Assets/Prefab/元素.prefab
  artifactKey: Guid(4114d3a0123246a448a07ee0dce3bfcb) Importer(815301076,1909f56bfc062723c751e8b465ee728b)
Start importing Assets/Prefab/元素.prefab using Guid(4114d3a0123246a448a07ee0dce3bfcb) Importer(815301076,1909f56bfc062723c751e8b465ee728b)  -> (artifact id: '370b21ae825edbb9065eafedd22a39f2') in 0.044984 seconds 
========================================================================
Received Import Request.
  Time since last request: 0.000069 seconds.
  path: Assets/Prefab/Projectile.prefab
  artifactKey: Guid(f80b5058db6fcd34a8da50febf865d65) Importer(815301076,1909f56bfc062723c751e8b465ee728b)
Start importing Assets/Prefab/Projectile.prefab using Guid(f80b5058db6fcd34a8da50febf865d65) Importer(815301076,1909f56bfc062723c751e8b465ee728b)  -> (artifact id: '4a530adf537387aeca4fd795e7742195') in 0.052025 seconds 
========================================================================
Received Import Request.
  Time since last request: 0.000034 seconds.
  path: Assets/Prefab/一级火骰子.prefab
  artifactKey: Guid(b41755172d481ce4abb06cb1d7cf3d46) Importer(815301076,1909f56bfc062723c751e8b465ee728b)
Start importing Assets/Prefab/一级火骰子.prefab using Guid(b41755172d481ce4abb06cb1d7cf3d46) Importer(815301076,1909f56bfc062723c751e8b465ee728b)  -> (artifact id: 'c14d4579b3baccb4ba41e78a15a74e55') in 0.029839 seconds 
========================================================================
Received Import Request.
  Time since last request: 0.000051 seconds.
  path: Assets/Prefab/DamagePrefab.prefab
  artifactKey: Guid(6c6658c4e7a94b94f950dfa9e7a85ee5) Importer(815301076,1909f56bfc062723c751e8b465ee728b)
Start importing Assets/Prefab/DamagePrefab.prefab using Guid(6c6658c4e7a94b94f950dfa9e7a85ee5) Importer(815301076,1909f56bfc062723c751e8b465ee728b)  -> (artifact id: 'f8a86d4b6adab8bc044d534e3dbeccd2') in 0.099781 seconds 
========================================================================
Received Import Request.
  Time since last request: 0.000019 seconds.
  path: Assets/Prefab/一级水骰子.prefab
  artifactKey: Guid(cb31287e46b76aa4ebc7843fdd61be65) Importer(815301076,1909f56bfc062723c751e8b465ee728b)
Start importing Assets/Prefab/一级水骰子.prefab using Guid(cb31287e46b76aa4ebc7843fdd61be65) Importer(815301076,1909f56bfc062723c751e8b465ee728b)  -> (artifact id: '1db7582b969195c1db2db63c00dd12b1') in 0.034658 seconds 
========================================================================
Received Import Request.
  Time since last request: 0.000028 seconds.
  path: Assets/Prefab/Line.prefab
  artifactKey: Guid(ae9270ff5b5357f48a4289bf0a286a8b) Importer(815301076,1909f56bfc062723c751e8b465ee728b)
Start importing Assets/Prefab/Line.prefab using Guid(ae9270ff5b5357f48a4289bf0a286a8b) Importer(815301076,1909f56bfc062723c751e8b465ee728b)  -> (artifact id: 'eac90d72c384802a9411e1bcdf5c1c1d') in 0.032071 seconds 
========================================================================
Received Import Request.
  Time since last request: 0.000021 seconds.
  path: Assets/Prefab/EnemyModel.prefab
  artifactKey: Guid(a032bd92401e5bb438dfa349c3afcd20) Importer(815301076,1909f56bfc062723c751e8b465ee728b)
Start importing Assets/Prefab/EnemyModel.prefab using Guid(a032bd92401e5bb438dfa349c3afcd20) Importer(815301076,1909f56bfc062723c751e8b465ee728b)  -> (artifact id: 'a0340724f08fe42d98ad58692be275c1') in 0.543552 seconds 
========================================================================
Received Import Request.
  Time since last request: 0.000031 seconds.
  path: Assets/Prefab/D10-00.prefab
  artifactKey: Guid(a7cfda82eded7c248862f8a588bc1472) Importer(815301076,1909f56bfc062723c751e8b465ee728b)
Start importing Assets/Prefab/D10-00.prefab using Guid(a7cfda82eded7c248862f8a588bc1472) Importer(815301076,1909f56bfc062723c751e8b465ee728b)  -> (artifact id: '2fc72c171120caa9771bfef76c3a79a5') in 0.027144 seconds 
========================================================================
Received Import Request.
  Time since last request: 0.000042 seconds.
  path: Assets/Prefab/RollingArea.prefab
  artifactKey: Guid(fe6ee0a60e6e3de43a0da30b10f5a34a) Importer(815301076,1909f56bfc062723c751e8b465ee728b)
Start importing Assets/Prefab/RollingArea.prefab using Guid(fe6ee0a60e6e3de43a0da30b10f5a34a) Importer(815301076,1909f56bfc062723c751e8b465ee728b)  -> (artifact id: '3cf0a0ae457dba81921314642d43cb7b') in 0.041479 seconds 
========================================================================
Received Import Request.
  Time since last request: 0.000025 seconds.
  path: Assets/Prefab/D12.prefab
  artifactKey: Guid(ef744bcd101a9da41bffe386846c822d) Importer(815301076,1909f56bfc062723c751e8b465ee728b)
Start importing Assets/Prefab/D12.prefab using Guid(ef744bcd101a9da41bffe386846c822d) Importer(815301076,1909f56bfc062723c751e8b465ee728b)  -> (artifact id: '48ecc08e3849b80913b86900daf5c178') in 0.041585 seconds 
========================================================================
Received Import Request.
  Time since last request: 0.000025 seconds.
  path: Assets/Prefab/Spell.prefab
  artifactKey: Guid(8e5fe841e424b5e4aa2892e4b84fbb02) Importer(815301076,1909f56bfc062723c751e8b465ee728b)
Start importing Assets/Prefab/Spell.prefab using Guid(8e5fe841e424b5e4aa2892e4b84fbb02) Importer(815301076,1909f56bfc062723c751e8b465ee728b)  -> (artifact id: 'f889cfa775f48331ae228fc039a5911e') in 0.503095 seconds 
========================================================================
Received Import Request.
  Time since last request: 184.356917 seconds.
  path: Assets/script/Buff
  artifactKey: Guid(c9a3985456591094db62b20190e7e32f) Importer(815301076,1909f56bfc062723c751e8b465ee728b)
Start importing Assets/script/Buff using Guid(c9a3985456591094db62b20190e7e32f) Importer(815301076,1909f56bfc062723c751e8b465ee728b)  -> (artifact id: 'a83de13fde86f5bd993c789378b08f28') in 0.013654 seconds 
========================================================================
Received Import Request.
  Time since last request: 0.249658 seconds.
  path: Assets/script/Buff/Bleeding.asset
  artifactKey: Guid(81078606e090c3a46931da5b8d1829a2) Importer(815301076,1909f56bfc062723c751e8b465ee728b)
Start importing Assets/script/Buff/Bleeding.asset using Guid(81078606e090c3a46931da5b8d1829a2) Importer(815301076,1909f56bfc062723c751e8b465ee728b)  -> (artifact id: '8c3090271b9dbaabcd4bdb135c1663ab') in 0.013787 seconds 
========================================================================
Received Import Request.
  Time since last request: 0.000025 seconds.
  path: Assets/script/Buff/FieldBuff.asset
  artifactKey: Guid(922897b59932f4e4ca73b38395da9e1d) Importer(815301076,1909f56bfc062723c751e8b465ee728b)
Start importing Assets/script/Buff/FieldBuff.asset using Guid(922897b59932f4e4ca73b38395da9e1d) Importer(815301076,1909f56bfc062723c751e8b465ee728b)  -> (artifact id: 'ec9f6c6e5327db8d794be544cc98244a') in 0.012343 seconds 
========================================================================
Received Import Request.
  Time since last request: 0.000048 seconds.
  path: Assets/script/Buff/Frozon.asset
  artifactKey: Guid(13371856eb0b41343bf8afdca51b198a) Importer(815301076,1909f56bfc062723c751e8b465ee728b)
Start importing Assets/script/Buff/Frozon.asset using Guid(13371856eb0b41343bf8afdca51b198a) Importer(815301076,1909f56bfc062723c751e8b465ee728b)  -> (artifact id: '583fe11669563e40a9bc8ef837c141a7') in 0.016873 seconds 
========================================================================
Received Import Request.
  Time since last request: 0.000051 seconds.
  path: Assets/script/Buff/Focus.asset
  artifactKey: Guid(f71c4493800257444a99055e4385a6d7) Importer(815301076,1909f56bfc062723c751e8b465ee728b)
Start importing Assets/script/Buff/Focus.asset using Guid(f71c4493800257444a99055e4385a6d7) Importer(815301076,1909f56bfc062723c751e8b465ee728b)  -> (artifact id: '4383f2120c99b53d256d51f1656f119d') in 0.017854 seconds 
========================================================================
Received Import Request.
  Time since last request: 0.000030 seconds.
  path: Assets/script/Buff/Poison.asset
  artifactKey: Guid(033e8cb5e0549b3439508d05580cd177) Importer(815301076,1909f56bfc062723c751e8b465ee728b)
Start importing Assets/script/Buff/Poison.asset using Guid(033e8cb5e0549b3439508d05580cd177) Importer(815301076,1909f56bfc062723c751e8b465ee728b)  -> (artifact id: 'fc47a573c07703ecf62a48ce0f3c244e') in 0.015234 seconds 
========================================================================
Received Import Request.
  Time since last request: 55.429696 seconds.
  path: Assets/Resources/Material/MT Sprite Outline Dark.mat
  artifactKey: Guid(9ef09833dc2c3404d88335dc4ee33fd4) Importer(815301076,1909f56bfc062723c751e8b465ee728b)
Start importing Assets/Resources/Material/MT Sprite Outline Dark.mat using Guid(9ef09833dc2c3404d88335dc4ee33fd4) Importer(815301076,1909f56bfc062723c751e8b465ee728b)  -> (artifact id: 'fa1c6c5d17b693dd1d3bad038891d927') in 0.053185 seconds 
========================================================================
Received Import Request.
  Time since last request: 0.000019 seconds.
  path: Assets/Resources/Material/MT UI Icon Outline Dark.mat
  artifactKey: Guid(899a7f458dad9a740869a20c3e3b2d53) Importer(815301076,1909f56bfc062723c751e8b465ee728b)
Start importing Assets/Resources/Material/MT UI Icon Outline Dark.mat using Guid(899a7f458dad9a740869a20c3e3b2d53) Importer(815301076,1909f56bfc062723c751e8b465ee728b)  -> (artifact id: '6cf814a5eed85116fab20366d0bf2064') in 0.028056 seconds 
========================================================================
Received Import Request.
  Time since last request: 0.000040 seconds.
  path: Assets/Resources/Material/MT Sprite Outline Yellow.mat
  artifactKey: Guid(edc31919a4a0caa4eafbbd6eb17dfc39) Importer(815301076,1909f56bfc062723c751e8b465ee728b)
Start importing Assets/Resources/Material/MT Sprite Outline Yellow.mat using Guid(edc31919a4a0caa4eafbbd6eb17dfc39) Importer(815301076,1909f56bfc062723c751e8b465ee728b)  -> (artifact id: 'bb490aca9265afe649cb9b0d820ea7b0') in 0.023035 seconds 
========================================================================
Received Import Request.
  Time since last request: 0.000051 seconds.
  path: Assets/Resources/Material/MT Sprite Outline White.mat
  artifactKey: Guid(fa6817dfb0f48b946aed8e1043559b1b) Importer(815301076,1909f56bfc062723c751e8b465ee728b)
Start importing Assets/Resources/Material/MT Sprite Outline White.mat using Guid(fa6817dfb0f48b946aed8e1043559b1b) Importer(815301076,1909f56bfc062723c751e8b465ee728b)  -> (artifact id: '894e486b519a2219c17ee2af4bf2fcfc') in 0.023658 seconds 
========================================================================
Received Import Request.
  Time since last request: 0.000034 seconds.
  path: Assets/Resources/Material/MT UI Icon Outline Yellow.mat
  artifactKey: Guid(bb6f9bec926368b4eb8e5590da43eee9) Importer(815301076,1909f56bfc062723c751e8b465ee728b)
Start importing Assets/Resources/Material/MT UI Icon Outline Yellow.mat using Guid(bb6f9bec926368b4eb8e5590da43eee9) Importer(815301076,1909f56bfc062723c751e8b465ee728b)  -> (artifact id: 'c6b41c2950bab42fa3090d713fc3996b') in 0.019069 seconds 
Editor requested this worker to shutdown with reason: Scaling down because of idle timeout
AssetImportWorkerClient::OnTransportError - code=2 error=End of file
AssetImportWorker is now disconnected from the server
Process exiting
Exiting without the bug reporter. Application will terminate with return code 0