Using pre-set license
Built from 'HEAD' branch; Version is '2021.3.12f1c2 (ffeb050254a0) revision 16771845'; Using compiler version '192829333'; Build Type 'Release'
OS: 'Windows 11  (10.0.22631) 64bit CoreCountrySpecific' Language: 'zh' Physical Memory: 32617 MB
BatchMode: 1, IsHumanControllingUs: 0, StartBugReporterOnCrash: 0, Is64bit: 1, IsPro: 1

COMMAND LINE ARGUMENTS:
C:\Program Files\Unity\Hub\Editor\2021.3.12f1c2\Editor\Unity.exe
-adb2
-batchMode
-noUpm
-name
AssetImportWorker6
-projectPath
D:/dream/element/game
-logFile
Logs/AssetImportWorker6.log
-srvPort
53137
Successfully changed project path to: D:/dream/element/game
D:/dream/element/game
[UnityMemory] Configuration Parameters - Can be set up in boot.config
    "memorysetup-bucket-allocator-granularity=16"
    "memorysetup-bucket-allocator-bucket-count=8"
    "memorysetup-bucket-allocator-block-size=33554432"
    "memorysetup-bucket-allocator-block-count=8"
    "memorysetup-main-allocator-block-size=16777216"
    "memorysetup-thread-allocator-block-size=16777216"
    "memorysetup-gfx-main-allocator-block-size=16777216"
    "memorysetup-gfx-thread-allocator-block-size=16777216"
    "memorysetup-cache-allocator-block-size=4194304"
    "memorysetup-typetree-allocator-block-size=2097152"
    "memorysetup-profiler-bucket-allocator-granularity=16"
    "memorysetup-profiler-bucket-allocator-bucket-count=8"
    "memorysetup-profiler-bucket-allocator-block-size=33554432"
    "memorysetup-profiler-bucket-allocator-block-count=8"
    "memorysetup-profiler-allocator-block-size=16777216"
    "memorysetup-profiler-editor-allocator-block-size=1048576"
    "memorysetup-temp-allocator-size-main=16777216"
    "memorysetup-job-temp-allocator-block-size=2097152"
    "memorysetup-job-temp-allocator-block-size-background=1048576"
    "memorysetup-job-temp-allocator-reduction-small-platforms=262144"
    "memorysetup-temp-allocator-size-background-worker=32768"
    "memorysetup-temp-allocator-size-job-worker=262144"
    "memorysetup-temp-allocator-size-preload-manager=33554432"
    "memorysetup-temp-allocator-size-nav-mesh-worker=65536"
    "memorysetup-temp-allocator-size-audio-worker=65536"
    "memorysetup-temp-allocator-size-cloud-worker=32768"
    "memorysetup-temp-allocator-size-gi-baking-worker=262144"
    "memorysetup-temp-allocator-size-gfx=262144"
AS: AutoStreaming module initializing.
Refreshing native plugins compatible for Editor in 41.09 ms, found 2 plugins.
Preloading 0 native plugins for Editor in 0.00 ms.
Initialize engine version: 2021.3.12f1c2 (ffeb050254a0)
[Subsystems] Discovering subsystems at path C:/Program Files/Unity/Hub/Editor/2021.3.12f1c2/Editor/Data/Resources/UnitySubsystems
[Subsystems] Discovering subsystems at path D:/dream/element/game/Assets
GfxDevice: creating device client; threaded=0; jobified=0
Direct3D:
    Version:  Direct3D 11.0 [level 11.1]
    Renderer: NVIDIA GeForce RTX 2070 (ID=0x1f10)
    Vendor:   NVIDIA
    VRAM:     8019 MB
    Driver:   31.0.15.4617
Initialize mono
Mono path[0] = 'C:/Program Files/Unity/Hub/Editor/2021.3.12f1c2/Editor/Data/Managed'
Mono path[1] = 'C:/Program Files/Unity/Hub/Editor/2021.3.12f1c2/Editor/Data/MonoBleedingEdge/lib/mono/unityjit-win32'
Mono config path = 'C:/Program Files/Unity/Hub/Editor/2021.3.12f1c2/Editor/Data/MonoBleedingEdge/etc'
Using monoOptions --debugger-agent=transport=dt_socket,embedding=1,server=y,suspend=n,address=127.0.0.1:56612
Begin MonoManager ReloadAssembly
Registering precompiled unity dll's ...
Register platform support module: C:/Program Files/Unity/Hub/Editor/2021.3.12f1c2/Editor/Data/PlaybackEngines/WindowsStandaloneSupport/UnityEditor.WindowsStandalone.Extensions.dll
Registered in 0.006846 seconds.
Native extension for WindowsStandalone target not found
Refreshing native plugins compatible for Editor in 49.74 ms, found 2 plugins.
Preloading 0 native plugins for Editor in 0.00 ms.
Mono: successfully reloaded assembly
- Completed reload, in  0.857 seconds
Domain Reload Profiling:
	ReloadAssembly (857ms)
		BeginReloadAssembly (112ms)
			ExecutionOrderSort (0ms)
			DisableScriptedObjects (0ms)
			BackupInstance (0ms)
			ReleaseScriptingObjects (0ms)
			CreateAndSetChildDomain (1ms)
		EndReloadAssembly (563ms)
			LoadAssemblies (107ms)
			RebuildTransferFunctionScriptingTraits (0ms)
			SetupTypeCache (159ms)
			ReleaseScriptCaches (0ms)
			RebuildScriptCaches (37ms)
			SetupLoadedEditorAssemblies (287ms)
				LogAssemblyErrors (0ms)
				InitializePlatformSupportModulesInManaged (14ms)
				SetLoadedEditorAssemblies (0ms)
				RefreshPlugins (50ms)
				BeforeProcessingInitializeOnLoad (2ms)
				ProcessInitializeOnLoadAttributes (157ms)
				ProcessInitializeOnLoadMethodAttributes (64ms)
				AfterProcessingInitializeOnLoad (0ms)
				EditorAssembliesLoaded (1ms)
			ExecutionOrderSort2 (0ms)
			AwakeInstancesAfterBackupRestoration (0ms)
Platform modules already initialized, skipping
Registering precompiled user dll's ...
Registered in 0.007822 seconds.
Begin MonoManager ReloadAssembly
Native extension for WindowsStandalone target not found
Refreshing native plugins compatible for Editor in 0.38 ms, found 2 plugins.
Preloading 0 native plugins for Editor in 0.00 ms.
Mono: successfully reloaded assembly
- Completed reload, in  1.112 seconds
Domain Reload Profiling:
	ReloadAssembly (1123ms)
		BeginReloadAssembly (135ms)
			ExecutionOrderSort (0ms)
			DisableScriptedObjects (6ms)
			BackupInstance (0ms)
			ReleaseScriptingObjects (0ms)
			CreateAndSetChildDomain (23ms)
		EndReloadAssembly (839ms)
			LoadAssemblies (81ms)
			RebuildTransferFunctionScriptingTraits (0ms)
			SetupTypeCache (243ms)
			ReleaseScriptCaches (1ms)
			RebuildScriptCaches (51ms)
			SetupLoadedEditorAssemblies (397ms)
				LogAssemblyErrors (0ms)
				InitializePlatformSupportModulesInManaged (6ms)
				SetLoadedEditorAssemblies (0ms)
				RefreshPlugins (0ms)
				BeforeProcessingInitializeOnLoad (87ms)
				ProcessInitializeOnLoadAttributes (253ms)
				ProcessInitializeOnLoadMethodAttributes (37ms)
				AfterProcessingInitializeOnLoad (14ms)
				EditorAssembliesLoaded (0ms)
			ExecutionOrderSort2 (0ms)
			AwakeInstancesAfterBackupRestoration (9ms)
Platform modules already initialized, skipping
========================================================================
Worker process is ready to serve import requests
Launched and connected shader compiler UnityShaderCompiler.exe after 0.07 seconds
Refreshing native plugins compatible for Editor in 0.68 ms, found 2 plugins.
Preloading 0 native plugins for Editor in 0.00 ms.
Unloading 1725 Unused Serialized files (Serialized files now loaded: 0)
Unloading 18 unused Assets / (56.6 KB). Loaded Objects now: 2193.
Memory consumption went from 80.7 MB to 80.6 MB.
Total: 4.458500 ms (FindLiveObjects: 0.157900 ms CreateObjectMapping: 0.073800 ms MarkObjects: 4.123600 ms  DeleteObjects: 0.102100 ms)

AssetImportParameters requested are different than current active one (requested -> active):
  custom:video-decoder-ogg-theora: a1e56fd34408186e4bbccfd4996cb3dc -> 
  custom:container-muxer-webm: aa71ff27fc2769a1b78a27578f13a17b -> 
  custom:container-demuxer-webm: 4f35f7cbe854078d1ac9338744f61a02 -> 
  custom:video-encoder-webm-vp8: eb34c28f22e8b96e1ab97ce403110664 -> 
  custom:video-codec-MediaFoundation-h265: 746d11721c4dcdbdad8f713fa42b33f4 -> 
  custom:audio-encoder-webm-vorbis: bf7c407c2cedff20999df2af8eb42d56 -> 
  custom:framework-win-MediaFoundation: 216162199b28c13a410421893ffa2e32 -> 
  custom:container-demuxer-ogg: 62fdf1f143b41e24485cea50d1cbac27 -> 
  custom:video-decoder-webm-vp8: 9c59270c3fd7afecdb556c50c9e8de78 -> 
  custom:audio-decoder-ogg-vorbis: bf7c407c2cedff20999df2af8eb42d56 -> 
========================================================================
Received Import Request.
  Time since last request: 169140.372297 seconds.
  path: Assets/Prefab/EnemyModel.prefab
  artifactKey: Guid(a032bd92401e5bb438dfa349c3afcd20) Importer(815301076,1909f56bfc062723c751e8b465ee728b)
Start importing Assets/Prefab/EnemyModel.prefab using Guid(a032bd92401e5bb438dfa349c3afcd20) Importer(815301076,1909f56bfc062723c751e8b465ee728b)  -> (artifact id: 'a087bf2cfd9694dd795087be52bc0945') in 1.801928 seconds 
========================================================================
Received Import Request.
  Time since last request: 0.000030 seconds.
  path: Assets/Prefab/元素.prefab
  artifactKey: Guid(4114d3a0123246a448a07ee0dce3bfcb) Importer(815301076,1909f56bfc062723c751e8b465ee728b)
Start importing Assets/Prefab/元素.prefab using Guid(4114d3a0123246a448a07ee0dce3bfcb) Importer(815301076,1909f56bfc062723c751e8b465ee728b)  -> (artifact id: '9d9f435006b19ce55ea95c90aa81a24d') in 0.095900 seconds 
========================================================================
Received Import Request.
  Time since last request: 0.000026 seconds.
  path: Assets/Prefab/Projectile.prefab
  artifactKey: Guid(f80b5058db6fcd34a8da50febf865d65) Importer(815301076,1909f56bfc062723c751e8b465ee728b)
Start importing Assets/Prefab/Projectile.prefab using Guid(f80b5058db6fcd34a8da50febf865d65) Importer(815301076,1909f56bfc062723c751e8b465ee728b)  -> (artifact id: '2da9410fb6eedf0e75d8adaa4c515512') in 0.103869 seconds 
========================================================================
Received Import Request.
  Time since last request: 0.000017 seconds.
  path: Assets/Prefab/PlayerModel.prefab
  artifactKey: Guid(5a8f55a53908e8d4293a5924b744a44c) Importer(815301076,1909f56bfc062723c751e8b465ee728b)
Start importing Assets/Prefab/PlayerModel.prefab using Guid(5a8f55a53908e8d4293a5924b744a44c) Importer(815301076,1909f56bfc062723c751e8b465ee728b)  -> (artifact id: 'bee5d6b7b492c0a8ee2ff03fe0405c19') in 0.656942 seconds 
========================================================================
Received Import Request.
  Time since last request: 9.337089 seconds.
  path: Assets/Resources/元素融合素材包/角色/character 002.png
  artifactKey: Guid(a35b2e1fcf92fb240a9ba2aec20a3b80) Importer(815301076,1909f56bfc062723c751e8b465ee728b)
Start importing Assets/Resources/元素融合素材包/角色/character 002.png using Guid(a35b2e1fcf92fb240a9ba2aec20a3b80) Importer(815301076,1909f56bfc062723c751e8b465ee728b)  -> (artifact id: '24f164d3c63b4e3939c43d1e7435c110') in 0.133619 seconds 
========================================================================
Received Import Request.
  Time since last request: 27.287296 seconds.
  path: Assets/Resources/元素融合素材包/怪物/monster 020.png
  artifactKey: Guid(0035ea3e9260c954bb3b39adef5d0418) Importer(815301076,1909f56bfc062723c751e8b465ee728b)
Start importing Assets/Resources/元素融合素材包/怪物/monster 020.png using Guid(0035ea3e9260c954bb3b39adef5d0418) Importer(815301076,1909f56bfc062723c751e8b465ee728b)  -> (artifact id: '38fe74ae8d2f683bdb2d5c6ff2bfeabe') in 0.061612 seconds 
========================================================================
Received Import Request.
  Time since last request: 0.000073 seconds.
  path: Assets/Resources/元素融合素材包/怪物/monster 040.png
  artifactKey: Guid(7a627a08f333f884eabce23895b81001) Importer(815301076,1909f56bfc062723c751e8b465ee728b)
Start importing Assets/Resources/元素融合素材包/怪物/monster 040.png using Guid(7a627a08f333f884eabce23895b81001) Importer(815301076,1909f56bfc062723c751e8b465ee728b)  -> (artifact id: '45092806edfd80ed125b24a355f4920e') in 0.082675 seconds 
========================================================================
Received Import Request.
  Time since last request: 0.000098 seconds.
  path: Assets/Resources/元素融合素材包/怪物/monster 070.png
  artifactKey: Guid(d7ea3c9b422f46c468ae2a60ecae6585) Importer(815301076,1909f56bfc062723c751e8b465ee728b)
Start importing Assets/Resources/元素融合素材包/怪物/monster 070.png using Guid(d7ea3c9b422f46c468ae2a60ecae6585) Importer(815301076,1909f56bfc062723c751e8b465ee728b)  -> (artifact id: 'ef0aade7c2a287ca25ce36e84608c82e') in 0.084262 seconds 
========================================================================
Received Import Request.
  Time since last request: 0.000039 seconds.
  path: Assets/Resources/元素融合素材包/怪物/monster 060.png
  artifactKey: Guid(b1ae007e2795f684882b3339fef5f4b2) Importer(815301076,1909f56bfc062723c751e8b465ee728b)
Start importing Assets/Resources/元素融合素材包/怪物/monster 060.png using Guid(b1ae007e2795f684882b3339fef5f4b2) Importer(815301076,1909f56bfc062723c751e8b465ee728b)  -> (artifact id: 'fa3e8972a2819578e05e2e17e84b395f') in 0.050821 seconds 
========================================================================
Received Import Request.
  Time since last request: 0.534565 seconds.
  path: Assets/Resources/元素融合素材包/场景/scene 002.png
  artifactKey: Guid(926736d47eea9274d8bdf8ee7bf27c89) Importer(815301076,1909f56bfc062723c751e8b465ee728b)
Start importing Assets/Resources/元素融合素材包/场景/scene 002.png using Guid(926736d47eea9274d8bdf8ee7bf27c89) Importer(815301076,1909f56bfc062723c751e8b465ee728b)  -> (artifact id: '4219c965ccf4c0375bdd0c0838186be2') in 0.177291 seconds 
========================================================================
Received Import Request.
  Time since last request: 0.515810 seconds.
  path: Assets/Resources/元素融合素材包/特效/se002.png
  artifactKey: Guid(057f960f2194fc14387bf6b4b04b0d4c) Importer(815301076,1909f56bfc062723c751e8b465ee728b)
Start importing Assets/Resources/元素融合素材包/特效/se002.png using Guid(057f960f2194fc14387bf6b4b04b0d4c) Importer(815301076,1909f56bfc062723c751e8b465ee728b)  -> (artifact id: '0a89b9edbc6be082d889f8f00b50c542') in 0.069111 seconds 
========================================================================
Received Import Request.
  Time since last request: 0.000032 seconds.
  path: Assets/Resources/元素融合素材包/特效/se010.png
  artifactKey: Guid(6efef14099ec3b6419fb272749dd3c9a) Importer(815301076,1909f56bfc062723c751e8b465ee728b)
Start importing Assets/Resources/元素融合素材包/特效/se010.png using Guid(6efef14099ec3b6419fb272749dd3c9a) Importer(815301076,1909f56bfc062723c751e8b465ee728b)  -> (artifact id: '47acd6bc5bafe761087ceff4c503b10d') in 0.057231 seconds 
========================================================================
Received Import Request.
  Time since last request: 0.000033 seconds.
  path: Assets/Resources/元素融合素材包/特效/se005.png
  artifactKey: Guid(a99af1a41f765a247805d20bd8309317) Importer(815301076,1909f56bfc062723c751e8b465ee728b)
Start importing Assets/Resources/元素融合素材包/特效/se005.png using Guid(a99af1a41f765a247805d20bd8309317) Importer(815301076,1909f56bfc062723c751e8b465ee728b)  -> (artifact id: '04f8705d0b65cb3d5c7bd259d28c466f') in 0.113907 seconds 
========================================================================
Received Import Request.
  Time since last request: 0.000038 seconds.
  path: Assets/Resources/元素融合素材包/特效/se004.png
  artifactKey: Guid(7bcd91f6c403f8142bd0c5a3d6d2b202) Importer(815301076,1909f56bfc062723c751e8b465ee728b)
Start importing Assets/Resources/元素融合素材包/特效/se004.png using Guid(7bcd91f6c403f8142bd0c5a3d6d2b202) Importer(815301076,1909f56bfc062723c751e8b465ee728b)  -> (artifact id: 'c30527c27cdfcf5dc8a35d814523f536') in 0.034919 seconds 
========================================================================
Received Import Request.
  Time since last request: 0.000029 seconds.
  path: Assets/Resources/元素融合素材包/特效/se006.png
  artifactKey: Guid(8d4c3746d3bd7434e9aa728d34956fb7) Importer(815301076,1909f56bfc062723c751e8b465ee728b)
Start importing Assets/Resources/元素融合素材包/特效/se006.png using Guid(8d4c3746d3bd7434e9aa728d34956fb7) Importer(815301076,1909f56bfc062723c751e8b465ee728b)  -> (artifact id: '85eaba7a11e451ea06818e1d3cdbc20c') in 0.055550 seconds 
Editor requested this worker to shutdown with reason: Scaling down because of idle timeout
AssetImportWorker is now disconnected from the server
Process exiting
Exiting without the bug reporter. Application will terminate with return code 0